2024-12-06T22:21:53.397+03:00  INFO 33358 --- [demo] [restartedMain] com.example.demo.DemoApplication         : Starting DemoApplication using Java 17.0.13 with PID 33358 (/home/nika/leetcode/leetcode-java-project/build/classes/java/main started by nika in /home/nika/leetcode/leetcode-java-project)
2024-12-06T22:21:53.401+03:00  INFO 33358 --- [demo] [restartedMain] com.example.demo.DemoApplication         : No active profile set, falling back to 1 default profile: "default"
2024-12-06T22:21:53.426+03:00  INFO 33358 --- [demo] [restartedMain] .e.DevToolsPropertyDefaultsPostProcessor : Devtools property defaults active! Set 'spring.devtools.add-properties' to 'false' to disable
2024-12-06T22:21:53.427+03:00  INFO 33358 --- [demo] [restartedMain] .e.DevToolsPropertyDefaultsPostProcessor : For additional web related logging consider setting the 'logging.level.web' property to 'DEBUG'
2024-12-06T22:21:53.783+03:00  INFO 33358 --- [demo] [restartedMain] .s.d.r.c.RepositoryConfigurationDelegate : Bootstrapping Spring Data JPA repositories in DEFAULT mode.
2024-12-06T22:21:53.814+03:00  INFO 33358 --- [demo] [restartedMain] .s.d.r.c.RepositoryConfigurationDelegate : Finished Spring Data repository scanning in 25 ms. Found 1 JPA repository interface.
2024-12-06T22:21:54.124+03:00  INFO 33358 --- [demo] [restartedMain] o.s.b.w.embedded.tomcat.TomcatWebServer  : Tomcat initialized with port 8080 (http)
2024-12-06T22:21:54.132+03:00  INFO 33358 --- [demo] [restartedMain] o.apache.catalina.core.StandardService   : Starting service [Tomcat]
2024-12-06T22:21:54.132+03:00  INFO 33358 --- [demo] [restartedMain] o.apache.catalina.core.StandardEngine    : Starting Servlet engine: [Apache Tomcat/10.1.33]
2024-12-06T22:21:54.155+03:00  INFO 33358 --- [demo] [restartedMain] o.a.c.c.C.[Tomcat].[localhost].[/]       : Initializing Spring embedded WebApplicationContext
2024-12-06T22:21:54.155+03:00  INFO 33358 --- [demo] [restartedMain] w.s.c.ServletWebServerApplicationContext : Root WebApplicationContext: initialization completed in 728 ms
2024-12-06T22:21:54.255+03:00  INFO 33358 --- [demo] [restartedMain] o.hibernate.jpa.internal.util.LogHelper  : HHH000204: Processing PersistenceUnitInfo [name: default]
2024-12-06T22:21:54.281+03:00  INFO 33358 --- [demo] [restartedMain] org.hibernate.Version                    : HHH000412: Hibernate ORM core version 6.6.2.Final
2024-12-06T22:21:54.298+03:00  INFO 33358 --- [demo] [restartedMain] o.h.c.internal.RegionFactoryInitiator    : HHH000026: Second-level cache disabled
2024-12-06T22:21:54.436+03:00  INFO 33358 --- [demo] [restartedMain] o.s.o.j.p.SpringPersistenceUnitInfo      : No LoadTimeWeaver setup: ignoring JPA class transformer
2024-12-06T22:21:54.451+03:00  INFO 33358 --- [demo] [restartedMain] com.zaxxer.hikari.HikariDataSource       : HikariPool-1 - Starting...
2024-12-06T22:21:54.622+03:00  INFO 33358 --- [demo] [restartedMain] com.zaxxer.hikari.pool.HikariPool        : HikariPool-1 - Added connection com.mysql.cj.jdbc.ConnectionImpl@71dfc8aa
2024-12-06T22:21:54.623+03:00  INFO 33358 --- [demo] [restartedMain] com.zaxxer.hikari.HikariDataSource       : HikariPool-1 - Start completed.
2024-12-06T22:21:54.668+03:00  INFO 33358 --- [demo] [restartedMain] org.hibernate.orm.connections.pooling    : HHH10001005: Database info:
	Database JDBC URL [Connecting through datasource 'HikariDataSource (HikariPool-1)']
	Database driver: undefined/unknown
	Database version: 8.0.40
	Autocommit mode: undefined/unknown
	Isolation level: undefined/unknown
	Minimum pool size: undefined/unknown
	Maximum pool size: undefined/unknown
2024-12-06T22:21:55.071+03:00  INFO 33358 --- [demo] [restartedMain] o.h.e.t.j.p.i.JtaPlatformInitiator       : HHH000489: No JTA platform available (set 'hibernate.transaction.jta.platform' to enable JTA platform integration)
2024-12-06T22:21:55.096+03:00  INFO 33358 --- [demo] [restartedMain] j.LocalContainerEntityManagerFactoryBean : Initialized JPA EntityManagerFactory for persistence unit 'default'
2024-12-06T22:21:55.270+03:00  INFO 33358 --- [demo] [restartedMain] r$InitializeUserDetailsManagerConfigurer : Global AuthenticationManager configured with UserDetailsService bean with name customUserDetailsService
2024-12-06T22:21:55.285+03:00  WARN 33358 --- [demo] [restartedMain] JpaBaseConfiguration$JpaWebConfiguration : spring.jpa.open-in-view is enabled by default. Therefore, database queries may be performed during view rendering. Explicitly configure spring.jpa.open-in-view to disable this warning
2024-12-06T22:21:55.329+03:00  INFO 33358 --- [demo] [restartedMain] o.s.b.a.w.s.WelcomePageHandlerMapping    : Adding welcome page: class path resource [static/index.html]
2024-12-06T22:21:55.431+03:00 DEBUG 33358 --- [demo] [restartedMain] o.s.s.web.DefaultSecurityFilterChain     : Will secure any request with filters: DisableEncodeUrlFilter, WebAsyncManagerIntegrationFilter, SecurityContextHolderFilter, HeaderWriterFilter, LogoutFilter, UsernamePasswordAuthenticationFilter, RequestCacheAwareFilter, SecurityContextHolderAwareRequestFilter, AnonymousAuthenticationFilter, ExceptionTranslationFilter, AuthorizationFilter
2024-12-06T22:21:55.543+03:00  INFO 33358 --- [demo] [restartedMain] o.s.b.d.a.OptionalLiveReloadServer       : LiveReload server is running on port 35729
2024-12-06T22:21:55.558+03:00  INFO 33358 --- [demo] [restartedMain] o.s.b.w.embedded.tomcat.TomcatWebServer  : Tomcat started on port 8080 (http) with context path '/'
2024-12-06T22:21:55.565+03:00  INFO 33358 --- [demo] [restartedMain] com.example.demo.DemoApplication         : Started DemoApplication in 2.42 seconds (process running for 2.649)
2024-12-06T22:22:06.548+03:00  INFO 33358 --- [demo] [http-nio-8080-exec-1] o.a.c.c.C.[Tomcat].[localhost].[/]       : Initializing Spring DispatcherServlet 'dispatcherServlet'
2024-12-06T22:22:06.548+03:00  INFO 33358 --- [demo] [http-nio-8080-exec-1] o.s.web.servlet.DispatcherServlet        : Initializing Servlet 'dispatcherServlet'
2024-12-06T22:22:06.549+03:00  INFO 33358 --- [demo] [http-nio-8080-exec-1] o.s.web.servlet.DispatcherServlet        : Completed initialization in 1 ms
2024-12-06T22:22:06.558+03:00 DEBUG 33358 --- [demo] [http-nio-8080-exec-1] o.s.security.web.FilterChainProxy        : Securing GET /
2024-12-06T22:22:06.562+03:00 DEBUG 33358 --- [demo] [http-nio-8080-exec-1] o.s.security.web.FilterChainProxy        : Secured GET /
2024-12-06T22:22:06.577+03:00 DEBUG 33358 --- [demo] [http-nio-8080-exec-1] o.s.s.w.a.AnonymousAuthenticationFilter  : Set SecurityContextHolder to anonymous SecurityContext
2024-12-06T22:22:06.588+03:00 DEBUG 33358 --- [demo] [http-nio-8080-exec-2] o.s.security.web.FilterChainProxy        : Securing GET /index.html
2024-12-06T22:22:06.589+03:00 DEBUG 33358 --- [demo] [http-nio-8080-exec-2] o.s.s.w.a.AnonymousAuthenticationFilter  : Set SecurityContextHolder to anonymous SecurityContext
2024-12-06T22:22:06.591+03:00 DEBUG 33358 --- [demo] [http-nio-8080-exec-2] o.s.s.w.s.HttpSessionRequestCache        : Saved request http://localhost:8080/index.html?continue to session
2024-12-06T22:22:06.592+03:00 DEBUG 33358 --- [demo] [http-nio-8080-exec-2] o.s.s.web.DefaultRedirectStrategy        : Redirecting to http://localhost:8080/login
2024-12-06T22:22:06.598+03:00 DEBUG 33358 --- [demo] [http-nio-8080-exec-3] o.s.security.web.FilterChainProxy        : Securing GET /login
2024-12-06T22:22:06.599+03:00 DEBUG 33358 --- [demo] [http-nio-8080-exec-3] o.s.security.web.FilterChainProxy        : Secured GET /login
2024-12-06T22:22:06.709+03:00 DEBUG 33358 --- [demo] [http-nio-8080-exec-3] o.s.s.w.a.AnonymousAuthenticationFilter  : Set SecurityContextHolder to anonymous SecurityContext
2024-12-06T22:22:06.822+03:00 DEBUG 33358 --- [demo] [http-nio-8080-exec-4] o.s.security.web.FilterChainProxy        : Securing GET /favicon.ico
2024-12-06T22:22:06.823+03:00 DEBUG 33358 --- [demo] [http-nio-8080-exec-4] o.s.s.w.a.AnonymousAuthenticationFilter  : Set SecurityContextHolder to anonymous SecurityContext
2024-12-06T22:22:06.823+03:00 DEBUG 33358 --- [demo] [http-nio-8080-exec-4] o.s.s.web.DefaultRedirectStrategy        : Redirecting to http://localhost:8080/login
2024-12-06T22:22:18.631+03:00 DEBUG 33358 --- [demo] [http-nio-8080-exec-5] o.s.security.web.FilterChainProxy        : Securing POST /login
2024-12-06T22:22:18.866+03:00 DEBUG 33358 --- [demo] [http-nio-8080-exec-5] o.s.s.a.dao.DaoAuthenticationProvider    : Authenticated user
2024-12-06T22:22:18.869+03:00 DEBUG 33358 --- [demo] [http-nio-8080-exec-5] .s.ChangeSessionIdAuthenticationStrategy : Changed session id from C197B444E8501427159110E965822936
2024-12-06T22:22:18.870+03:00 DEBUG 33358 --- [demo] [http-nio-8080-exec-5] w.c.HttpSessionSecurityContextRepository : Stored SecurityContextImpl [Authentication=UsernamePasswordAuthenticationToken [Principal=org.springframework.security.core.userdetails.User [Username=test1, Password=[PROTECTED], Enabled=true, AccountNonExpired=true, CredentialsNonExpired=true, AccountNonLocked=true, Granted Authorities=[ROLE_USER]], Credentials=[PROTECTED], Authenticated=true, Details=WebAuthenticationDetails [RemoteIpAddress=127.0.0.1, SessionId=C197B444E8501427159110E965822936], Granted Authorities=[ROLE_USER]]] to HttpSession [org.apache.catalina.session.StandardSessionFacade@6a93c37a]
2024-12-06T22:22:18.870+03:00 DEBUG 33358 --- [demo] [http-nio-8080-exec-5] w.a.UsernamePasswordAuthenticationFilter : Set SecurityContextHolder to UsernamePasswordAuthenticationToken [Principal=org.springframework.security.core.userdetails.User [Username=test1, Password=[PROTECTED], Enabled=true, AccountNonExpired=true, CredentialsNonExpired=true, AccountNonLocked=true, Granted Authorities=[ROLE_USER]], Credentials=[PROTECTED], Authenticated=true, Details=WebAuthenticationDetails [RemoteIpAddress=127.0.0.1, SessionId=C197B444E8501427159110E965822936], Granted Authorities=[ROLE_USER]]
2024-12-06T22:22:18.870+03:00 DEBUG 33358 --- [demo] [http-nio-8080-exec-5] o.s.s.web.DefaultRedirectStrategy        : Redirecting to /dashboard
2024-12-06T22:22:18.877+03:00 DEBUG 33358 --- [demo] [http-nio-8080-exec-6] o.s.security.web.FilterChainProxy        : Securing GET /dashboard
2024-12-06T22:22:18.877+03:00 DEBUG 33358 --- [demo] [http-nio-8080-exec-6] w.c.HttpSessionSecurityContextRepository : Retrieved SecurityContextImpl [Authentication=UsernamePasswordAuthenticationToken [Principal=org.springframework.security.core.userdetails.User [Username=test1, Password=[PROTECTED], Enabled=true, AccountNonExpired=true, CredentialsNonExpired=true, AccountNonLocked=true, Granted Authorities=[ROLE_USER]], Credentials=[PROTECTED], Authenticated=true, Details=WebAuthenticationDetails [RemoteIpAddress=127.0.0.1, SessionId=C197B444E8501427159110E965822936], Granted Authorities=[ROLE_USER]]]
2024-12-06T22:22:18.877+03:00 DEBUG 33358 --- [demo] [http-nio-8080-exec-6] o.s.security.web.FilterChainProxy        : Secured GET /dashboard
2024-12-06T22:22:19.076+03:00 DEBUG 33358 --- [demo] [http-nio-8080-exec-7] o.s.security.web.FilterChainProxy        : Securing GET /dashboard.html
2024-12-06T22:22:19.076+03:00 DEBUG 33358 --- [demo] [http-nio-8080-exec-7] w.c.HttpSessionSecurityContextRepository : Retrieved SecurityContextImpl [Authentication=UsernamePasswordAuthenticationToken [Principal=org.springframework.security.core.userdetails.User [Username=test1, Password=[PROTECTED], Enabled=true, AccountNonExpired=true, CredentialsNonExpired=true, AccountNonLocked=true, Granted Authorities=[ROLE_USER]], Credentials=[PROTECTED], Authenticated=true, Details=WebAuthenticationDetails [RemoteIpAddress=127.0.0.1, SessionId=C197B444E8501427159110E965822936], Granted Authorities=[ROLE_USER]]]
2024-12-06T22:22:19.076+03:00 DEBUG 33358 --- [demo] [http-nio-8080-exec-7] o.s.security.web.FilterChainProxy        : Secured GET /dashboard.html
2024-12-06T22:22:22.391+03:00 DEBUG 33358 --- [demo] [http-nio-8080-exec-8] o.s.security.web.FilterChainProxy        : Securing GET /logout
2024-12-06T22:22:22.392+03:00 DEBUG 33358 --- [demo] [http-nio-8080-exec-8] w.c.HttpSessionSecurityContextRepository : Retrieved SecurityContextImpl [Authentication=UsernamePasswordAuthenticationToken [Principal=org.springframework.security.core.userdetails.User [Username=test1, Password=[PROTECTED], Enabled=true, AccountNonExpired=true, CredentialsNonExpired=true, AccountNonLocked=true, Granted Authorities=[ROLE_USER]], Credentials=[PROTECTED], Authenticated=true, Details=WebAuthenticationDetails [RemoteIpAddress=127.0.0.1, SessionId=C197B444E8501427159110E965822936], Granted Authorities=[ROLE_USER]]]
2024-12-06T22:22:22.392+03:00 DEBUG 33358 --- [demo] [http-nio-8080-exec-8] o.s.s.w.a.logout.LogoutFilter            : Logging out [UsernamePasswordAuthenticationToken [Principal=org.springframework.security.core.userdetails.User [Username=test1, Password=[PROTECTED], Enabled=true, AccountNonExpired=true, CredentialsNonExpired=true, AccountNonLocked=true, Granted Authorities=[ROLE_USER]], Credentials=[PROTECTED], Authenticated=true, Details=WebAuthenticationDetails [RemoteIpAddress=127.0.0.1, SessionId=C197B444E8501427159110E965822936], Granted Authorities=[ROLE_USER]]]
2024-12-06T22:22:22.393+03:00 DEBUG 33358 --- [demo] [http-nio-8080-exec-8] o.s.s.w.a.l.SecurityContextLogoutHandler : Invalidated session 9786A6709EE7F0E6DC5C985BE9018712
2024-12-06T22:22:22.393+03:00 DEBUG 33358 --- [demo] [http-nio-8080-exec-8] o.s.s.web.DefaultRedirectStrategy        : Redirecting to /
2024-12-06T22:22:22.399+03:00 DEBUG 33358 --- [demo] [http-nio-8080-exec-9] o.s.security.web.FilterChainProxy        : Securing GET /
2024-12-06T22:22:22.400+03:00 DEBUG 33358 --- [demo] [http-nio-8080-exec-9] o.s.security.web.FilterChainProxy        : Secured GET /
2024-12-06T22:22:22.400+03:00 DEBUG 33358 --- [demo] [http-nio-8080-exec-9] o.s.s.w.a.AnonymousAuthenticationFilter  : Set SecurityContextHolder to anonymous SecurityContext
2024-12-06T22:22:22.407+03:00 DEBUG 33358 --- [demo] [http-nio-8080-exec-10] o.s.security.web.FilterChainProxy        : Securing GET /index.html
2024-12-06T22:22:22.407+03:00 DEBUG 33358 --- [demo] [http-nio-8080-exec-10] o.s.s.w.a.AnonymousAuthenticationFilter  : Set SecurityContextHolder to anonymous SecurityContext
2024-12-06T22:22:22.408+03:00 DEBUG 33358 --- [demo] [http-nio-8080-exec-10] o.s.s.w.s.HttpSessionRequestCache        : Saved request http://localhost:8080/index.html?continue to session
2024-12-06T22:22:22.408+03:00 DEBUG 33358 --- [demo] [http-nio-8080-exec-10] o.s.s.web.DefaultRedirectStrategy        : Redirecting to http://localhost:8080/login
2024-12-06T22:22:22.413+03:00 DEBUG 33358 --- [demo] [http-nio-8080-exec-1] o.s.security.web.FilterChainProxy        : Securing GET /login
2024-12-06T22:22:22.413+03:00 DEBUG 33358 --- [demo] [http-nio-8080-exec-1] o.s.security.web.FilterChainProxy        : Secured GET /login
2024-12-06T22:22:22.417+03:00 DEBUG 33358 --- [demo] [http-nio-8080-exec-1] o.s.s.w.a.AnonymousAuthenticationFilter  : Set SecurityContextHolder to anonymous SecurityContext
2024-12-06T22:22:29.974+03:00 DEBUG 33358 --- [demo] [http-nio-8080-exec-2] o.s.security.web.FilterChainProxy        : Securing POST /login
2024-12-06T22:22:30.043+03:00 DEBUG 33358 --- [demo] [http-nio-8080-exec-2] o.s.s.a.dao.DaoAuthenticationProvider    : Failed to authenticate since password does not match stored value
2024-12-06T22:22:30.045+03:00 DEBUG 33358 --- [demo] [http-nio-8080-exec-2] o.s.s.web.DefaultRedirectStrategy        : Redirecting to /login?error=true
2024-12-06T22:22:30.050+03:00 DEBUG 33358 --- [demo] [http-nio-8080-exec-3] o.s.security.web.FilterChainProxy        : Securing GET /login?error=true
2024-12-06T22:22:30.055+03:00 DEBUG 33358 --- [demo] [http-nio-8080-exec-3] o.s.security.web.FilterChainProxy        : Secured GET /login?error=true
2024-12-06T22:22:30.061+03:00 DEBUG 33358 --- [demo] [http-nio-8080-exec-3] o.s.s.w.a.AnonymousAuthenticationFilter  : Set SecurityContextHolder to anonymous SecurityContext
2024-12-06T22:22:41.150+03:00 DEBUG 33358 --- [demo] [http-nio-8080-exec-4] o.s.security.web.FilterChainProxy        : Securing GET /
2024-12-06T22:22:41.151+03:00 DEBUG 33358 --- [demo] [http-nio-8080-exec-4] o.s.security.web.FilterChainProxy        : Secured GET /
2024-12-06T22:22:41.152+03:00 DEBUG 33358 --- [demo] [http-nio-8080-exec-4] o.s.s.w.a.AnonymousAuthenticationFilter  : Set SecurityContextHolder to anonymous SecurityContext
2024-12-06T22:22:41.158+03:00 DEBUG 33358 --- [demo] [http-nio-8080-exec-5] o.s.security.web.FilterChainProxy        : Securing GET /index.html
2024-12-06T22:22:41.159+03:00 DEBUG 33358 --- [demo] [http-nio-8080-exec-5] o.s.s.w.a.AnonymousAuthenticationFilter  : Set SecurityContextHolder to anonymous SecurityContext
2024-12-06T22:22:41.159+03:00 DEBUG 33358 --- [demo] [http-nio-8080-exec-5] o.s.s.w.s.HttpSessionRequestCache        : Saved request http://localhost:8080/index.html?continue to session
2024-12-06T22:22:41.159+03:00 DEBUG 33358 --- [demo] [http-nio-8080-exec-5] o.s.s.web.DefaultRedirectStrategy        : Redirecting to http://localhost:8080/login
2024-12-06T22:22:41.164+03:00 DEBUG 33358 --- [demo] [http-nio-8080-exec-6] o.s.security.web.FilterChainProxy        : Securing GET /login
2024-12-06T22:22:41.165+03:00 DEBUG 33358 --- [demo] [http-nio-8080-exec-6] o.s.security.web.FilterChainProxy        : Secured GET /login
2024-12-06T22:22:41.168+03:00 DEBUG 33358 --- [demo] [http-nio-8080-exec-6] o.s.s.w.a.AnonymousAuthenticationFilter  : Set SecurityContextHolder to anonymous SecurityContext
2024-12-06T22:22:47.693+03:00  INFO 33358 --- [demo] [SpringApplicationShutdownHook] o.s.b.w.e.tomcat.GracefulShutdown        : Commencing graceful shutdown. Waiting for active requests to complete
2024-12-06T22:22:47.695+03:00  INFO 33358 --- [demo] [tomcat-shutdown] o.s.b.w.e.tomcat.GracefulShutdown        : Graceful shutdown complete
2024-12-06T22:22:47.697+03:00  INFO 33358 --- [demo] [SpringApplicationShutdownHook] j.LocalContainerEntityManagerFactoryBean : Closing JPA EntityManagerFactory for persistence unit 'default'
2024-12-06T22:22:47.699+03:00  INFO 33358 --- [demo] [SpringApplicationShutdownHook] com.zaxxer.hikari.HikariDataSource       : HikariPool-1 - Shutdown initiated...
2024-12-06T22:22:47.704+03:00  INFO 33358 --- [demo] [SpringApplicationShutdownHook] com.zaxxer.hikari.HikariDataSource       : HikariPool-1 - Shutdown completed.
2024-12-06T22:23:16.591+03:00  INFO 33814 --- [demo] [restartedMain] com.example.demo.DemoApplication         : Starting DemoApplication using Java 17.0.13 with PID 33814 (/home/nika/leetcode/leetcode-java-project/build/classes/java/main started by nika in /home/nika/leetcode/leetcode-java-project)
2024-12-06T22:23:16.593+03:00  INFO 33814 --- [demo] [restartedMain] com.example.demo.DemoApplication         : No active profile set, falling back to 1 default profile: "default"
2024-12-06T22:23:16.617+03:00  INFO 33814 --- [demo] [restartedMain] .e.DevToolsPropertyDefaultsPostProcessor : Devtools property defaults active! Set 'spring.devtools.add-properties' to 'false' to disable
2024-12-06T22:23:16.618+03:00  INFO 33814 --- [demo] [restartedMain] .e.DevToolsPropertyDefaultsPostProcessor : For additional web related logging consider setting the 'logging.level.web' property to 'DEBUG'
2024-12-06T22:23:16.959+03:00  INFO 33814 --- [demo] [restartedMain] .s.d.r.c.RepositoryConfigurationDelegate : Bootstrapping Spring Data JPA repositories in DEFAULT mode.
2024-12-06T22:23:16.991+03:00  INFO 33814 --- [demo] [restartedMain] .s.d.r.c.RepositoryConfigurationDelegate : Finished Spring Data repository scanning in 26 ms. Found 1 JPA repository interface.
2024-12-06T22:23:17.301+03:00  INFO 33814 --- [demo] [restartedMain] o.s.b.w.embedded.tomcat.TomcatWebServer  : Tomcat initialized with port 8080 (http)
2024-12-06T22:23:17.309+03:00  INFO 33814 --- [demo] [restartedMain] o.apache.catalina.core.StandardService   : Starting service [Tomcat]
2024-12-06T22:23:17.309+03:00  INFO 33814 --- [demo] [restartedMain] o.apache.catalina.core.StandardEngine    : Starting Servlet engine: [Apache Tomcat/10.1.33]
2024-12-06T22:23:17.332+03:00  INFO 33814 --- [demo] [restartedMain] o.a.c.c.C.[Tomcat].[localhost].[/]       : Initializing Spring embedded WebApplicationContext
2024-12-06T22:23:17.333+03:00  INFO 33814 --- [demo] [restartedMain] w.s.c.ServletWebServerApplicationContext : Root WebApplicationContext: initialization completed in 714 ms
2024-12-06T22:23:17.437+03:00  INFO 33814 --- [demo] [restartedMain] o.hibernate.jpa.internal.util.LogHelper  : HHH000204: Processing PersistenceUnitInfo [name: default]
2024-12-06T22:23:17.463+03:00  INFO 33814 --- [demo] [restartedMain] org.hibernate.Version                    : HHH000412: Hibernate ORM core version 6.6.2.Final
2024-12-06T22:23:17.479+03:00  INFO 33814 --- [demo] [restartedMain] o.h.c.internal.RegionFactoryInitiator    : HHH000026: Second-level cache disabled
2024-12-06T22:23:17.611+03:00  INFO 33814 --- [demo] [restartedMain] o.s.o.j.p.SpringPersistenceUnitInfo      : No LoadTimeWeaver setup: ignoring JPA class transformer
2024-12-06T22:23:17.626+03:00  INFO 33814 --- [demo] [restartedMain] com.zaxxer.hikari.HikariDataSource       : HikariPool-1 - Starting...
2024-12-06T22:23:17.791+03:00  INFO 33814 --- [demo] [restartedMain] com.zaxxer.hikari.pool.HikariPool        : HikariPool-1 - Added connection com.mysql.cj.jdbc.ConnectionImpl@11efd53
2024-12-06T22:23:17.792+03:00  INFO 33814 --- [demo] [restartedMain] com.zaxxer.hikari.HikariDataSource       : HikariPool-1 - Start completed.
2024-12-06T22:23:17.835+03:00  INFO 33814 --- [demo] [restartedMain] org.hibernate.orm.connections.pooling    : HHH10001005: Database info:
	Database JDBC URL [Connecting through datasource 'HikariDataSource (HikariPool-1)']
	Database driver: undefined/unknown
	Database version: 8.0.40
	Autocommit mode: undefined/unknown
	Isolation level: undefined/unknown
	Minimum pool size: undefined/unknown
	Maximum pool size: undefined/unknown
2024-12-06T22:23:18.238+03:00  INFO 33814 --- [demo] [restartedMain] o.h.e.t.j.p.i.JtaPlatformInitiator       : HHH000489: No JTA platform available (set 'hibernate.transaction.jta.platform' to enable JTA platform integration)
2024-12-06T22:23:18.263+03:00  INFO 33814 --- [demo] [restartedMain] j.LocalContainerEntityManagerFactoryBean : Initialized JPA EntityManagerFactory for persistence unit 'default'
2024-12-06T22:23:18.429+03:00  INFO 33814 --- [demo] [restartedMain] r$InitializeUserDetailsManagerConfigurer : Global AuthenticationManager configured with UserDetailsService bean with name customUserDetailsService
2024-12-06T22:23:18.444+03:00  WARN 33814 --- [demo] [restartedMain] JpaBaseConfiguration$JpaWebConfiguration : spring.jpa.open-in-view is enabled by default. Therefore, database queries may be performed during view rendering. Explicitly configure spring.jpa.open-in-view to disable this warning
2024-12-06T22:23:18.487+03:00  INFO 33814 --- [demo] [restartedMain] o.s.b.a.w.s.WelcomePageHandlerMapping    : Adding welcome page: class path resource [static/index.html]
2024-12-06T22:23:18.583+03:00 DEBUG 33814 --- [demo] [restartedMain] o.s.s.web.DefaultSecurityFilterChain     : Will secure any request with filters: DisableEncodeUrlFilter, WebAsyncManagerIntegrationFilter, SecurityContextHolderFilter, HeaderWriterFilter, LogoutFilter, UsernamePasswordAuthenticationFilter, RequestCacheAwareFilter, SecurityContextHolderAwareRequestFilter, AnonymousAuthenticationFilter, ExceptionTranslationFilter, AuthorizationFilter
2024-12-06T22:23:18.698+03:00  INFO 33814 --- [demo] [restartedMain] o.s.b.d.a.OptionalLiveReloadServer       : LiveReload server is running on port 35729
2024-12-06T22:23:18.714+03:00  INFO 33814 --- [demo] [restartedMain] o.s.b.w.embedded.tomcat.TomcatWebServer  : Tomcat started on port 8080 (http) with context path '/'
2024-12-06T22:23:18.720+03:00  INFO 33814 --- [demo] [restartedMain] com.example.demo.DemoApplication         : Started DemoApplication in 2.369 seconds (process running for 2.583)
2024-12-06T22:23:25.360+03:00  INFO 33814 --- [demo] [http-nio-8080-exec-1] o.a.c.c.C.[Tomcat].[localhost].[/]       : Initializing Spring DispatcherServlet 'dispatcherServlet'
2024-12-06T22:23:25.360+03:00  INFO 33814 --- [demo] [http-nio-8080-exec-1] o.s.web.servlet.DispatcherServlet        : Initializing Servlet 'dispatcherServlet'
2024-12-06T22:23:25.361+03:00  INFO 33814 --- [demo] [http-nio-8080-exec-1] o.s.web.servlet.DispatcherServlet        : Completed initialization in 1 ms
2024-12-06T22:23:25.370+03:00 DEBUG 33814 --- [demo] [http-nio-8080-exec-1] o.s.security.web.FilterChainProxy        : Securing GET /
2024-12-06T22:23:25.374+03:00 DEBUG 33814 --- [demo] [http-nio-8080-exec-1] o.s.security.web.FilterChainProxy        : Secured GET /
2024-12-06T22:23:25.390+03:00 DEBUG 33814 --- [demo] [http-nio-8080-exec-1] o.s.s.w.a.AnonymousAuthenticationFilter  : Set SecurityContextHolder to anonymous SecurityContext
2024-12-06T22:23:25.401+03:00 DEBUG 33814 --- [demo] [http-nio-8080-exec-2] o.s.security.web.FilterChainProxy        : Securing GET /index.html
2024-12-06T22:23:25.402+03:00 DEBUG 33814 --- [demo] [http-nio-8080-exec-2] o.s.s.w.a.AnonymousAuthenticationFilter  : Set SecurityContextHolder to anonymous SecurityContext
2024-12-06T22:23:25.405+03:00 DEBUG 33814 --- [demo] [http-nio-8080-exec-2] o.s.s.w.s.HttpSessionRequestCache        : Saved request http://localhost:8080/index.html?continue to session
2024-12-06T22:23:25.405+03:00 DEBUG 33814 --- [demo] [http-nio-8080-exec-2] o.s.s.web.DefaultRedirectStrategy        : Redirecting to http://localhost:8080/login
2024-12-06T22:23:25.411+03:00 DEBUG 33814 --- [demo] [http-nio-8080-exec-3] o.s.security.web.FilterChainProxy        : Securing GET /login
2024-12-06T22:23:25.411+03:00 DEBUG 33814 --- [demo] [http-nio-8080-exec-3] o.s.security.web.FilterChainProxy        : Secured GET /login
2024-12-06T22:23:25.523+03:00 DEBUG 33814 --- [demo] [http-nio-8080-exec-3] o.s.s.w.a.AnonymousAuthenticationFilter  : Set SecurityContextHolder to anonymous SecurityContext
2024-12-06T22:23:25.630+03:00 DEBUG 33814 --- [demo] [http-nio-8080-exec-4] o.s.security.web.FilterChainProxy        : Securing GET /favicon.ico
2024-12-06T22:23:25.630+03:00 DEBUG 33814 --- [demo] [http-nio-8080-exec-4] o.s.s.w.a.AnonymousAuthenticationFilter  : Set SecurityContextHolder to anonymous SecurityContext
2024-12-06T22:23:25.631+03:00 DEBUG 33814 --- [demo] [http-nio-8080-exec-4] o.s.s.web.DefaultRedirectStrategy        : Redirecting to http://localhost:8080/login
2024-12-06T22:23:26.857+03:00 DEBUG 33814 --- [demo] [http-nio-8080-exec-5] o.s.security.web.FilterChainProxy        : Securing GET /register
2024-12-06T22:23:26.858+03:00 DEBUG 33814 --- [demo] [http-nio-8080-exec-5] o.s.security.web.FilterChainProxy        : Secured GET /register
2024-12-06T22:23:26.862+03:00 DEBUG 33814 --- [demo] [http-nio-8080-exec-5] o.s.s.w.a.AnonymousAuthenticationFilter  : Set SecurityContextHolder to anonymous SecurityContext
2024-12-06T22:23:33.628+03:00 DEBUG 33814 --- [demo] [http-nio-8080-exec-6] o.s.security.web.FilterChainProxy        : Securing POST /register
2024-12-06T22:23:33.629+03:00 DEBUG 33814 --- [demo] [http-nio-8080-exec-6] o.s.security.web.FilterChainProxy        : Secured POST /register
2024-12-06T22:23:33.953+03:00 DEBUG 33814 --- [demo] [http-nio-8080-exec-6] o.s.s.a.dao.DaoAuthenticationProvider    : Authenticated user
2024-12-06T22:23:33.954+03:00 DEBUG 33814 --- [demo] [http-nio-8080-exec-6] o.s.s.w.a.AnonymousAuthenticationFilter  : Set SecurityContextHolder to anonymous SecurityContext
2024-12-06T22:23:33.960+03:00 DEBUG 33814 --- [demo] [http-nio-8080-exec-7] o.s.security.web.FilterChainProxy        : Securing GET /dashboard
2024-12-06T22:23:33.960+03:00 DEBUG 33814 --- [demo] [http-nio-8080-exec-7] o.s.s.w.a.AnonymousAuthenticationFilter  : Set SecurityContextHolder to anonymous SecurityContext
2024-12-06T22:23:33.961+03:00 DEBUG 33814 --- [demo] [http-nio-8080-exec-7] o.s.s.w.s.HttpSessionRequestCache        : Saved request http://localhost:8080/dashboard?continue to session
2024-12-06T22:23:33.961+03:00 DEBUG 33814 --- [demo] [http-nio-8080-exec-7] o.s.s.web.DefaultRedirectStrategy        : Redirecting to http://localhost:8080/login
2024-12-06T22:23:33.966+03:00 DEBUG 33814 --- [demo] [http-nio-8080-exec-8] o.s.security.web.FilterChainProxy        : Securing GET /login
2024-12-06T22:23:33.966+03:00 DEBUG 33814 --- [demo] [http-nio-8080-exec-8] o.s.security.web.FilterChainProxy        : Secured GET /login
2024-12-06T22:23:33.970+03:00 DEBUG 33814 --- [demo] [http-nio-8080-exec-8] o.s.s.w.a.AnonymousAuthenticationFilter  : Set SecurityContextHolder to anonymous SecurityContext
2024-12-06T22:23:39.585+03:00  INFO 33814 --- [demo] [SpringApplicationShutdownHook] o.s.b.w.e.tomcat.GracefulShutdown        : Commencing graceful shutdown. Waiting for active requests to complete
2024-12-06T22:23:39.587+03:00  INFO 33814 --- [demo] [tomcat-shutdown] o.s.b.w.e.tomcat.GracefulShutdown        : Graceful shutdown complete
2024-12-06T22:23:39.589+03:00  INFO 33814 --- [demo] [SpringApplicationShutdownHook] j.LocalContainerEntityManagerFactoryBean : Closing JPA EntityManagerFactory for persistence unit 'default'
2024-12-06T22:23:39.591+03:00  INFO 33814 --- [demo] [SpringApplicationShutdownHook] com.zaxxer.hikari.HikariDataSource       : HikariPool-1 - Shutdown initiated...
2024-12-06T22:23:39.597+03:00  INFO 33814 --- [demo] [SpringApplicationShutdownHook] com.zaxxer.hikari.HikariDataSource       : HikariPool-1 - Shutdown completed.
2024-12-06T22:27:09.149+03:00  INFO 34357 --- [demo] [restartedMain] com.example.demo.DemoApplication         : Starting DemoApplication using Java 17.0.13 with PID 34357 (/home/nika/leetcode/leetcode-java-project/build/classes/java/main started by nika in /home/nika/leetcode/leetcode-java-project)
2024-12-06T22:27:09.151+03:00  INFO 34357 --- [demo] [restartedMain] com.example.demo.DemoApplication         : No active profile set, falling back to 1 default profile: "default"
2024-12-06T22:27:09.176+03:00  INFO 34357 --- [demo] [restartedMain] .e.DevToolsPropertyDefaultsPostProcessor : Devtools property defaults active! Set 'spring.devtools.add-properties' to 'false' to disable
2024-12-06T22:27:09.177+03:00  INFO 34357 --- [demo] [restartedMain] .e.DevToolsPropertyDefaultsPostProcessor : For additional web related logging consider setting the 'logging.level.web' property to 'DEBUG'
2024-12-06T22:27:09.568+03:00  INFO 34357 --- [demo] [restartedMain] .s.d.r.c.RepositoryConfigurationDelegate : Bootstrapping Spring Data JPA repositories in DEFAULT mode.
2024-12-06T22:27:09.601+03:00  INFO 34357 --- [demo] [restartedMain] .s.d.r.c.RepositoryConfigurationDelegate : Finished Spring Data repository scanning in 27 ms. Found 1 JPA repository interface.
2024-12-06T22:27:09.917+03:00  INFO 34357 --- [demo] [restartedMain] o.s.b.w.embedded.tomcat.TomcatWebServer  : Tomcat initialized with port 8080 (http)
2024-12-06T22:27:09.925+03:00  INFO 34357 --- [demo] [restartedMain] o.apache.catalina.core.StandardService   : Starting service [Tomcat]
2024-12-06T22:27:09.925+03:00  INFO 34357 --- [demo] [restartedMain] o.apache.catalina.core.StandardEngine    : Starting Servlet engine: [Apache Tomcat/10.1.33]
2024-12-06T22:27:09.949+03:00  INFO 34357 --- [demo] [restartedMain] o.a.c.c.C.[Tomcat].[localhost].[/]       : Initializing Spring embedded WebApplicationContext
2024-12-06T22:27:09.950+03:00  INFO 34357 --- [demo] [restartedMain] w.s.c.ServletWebServerApplicationContext : Root WebApplicationContext: initialization completed in 772 ms
2024-12-06T22:27:10.056+03:00  INFO 34357 --- [demo] [restartedMain] o.hibernate.jpa.internal.util.LogHelper  : HHH000204: Processing PersistenceUnitInfo [name: default]
2024-12-06T22:27:10.082+03:00  INFO 34357 --- [demo] [restartedMain] org.hibernate.Version                    : HHH000412: Hibernate ORM core version 6.6.2.Final
2024-12-06T22:27:10.098+03:00  INFO 34357 --- [demo] [restartedMain] o.h.c.internal.RegionFactoryInitiator    : HHH000026: Second-level cache disabled
2024-12-06T22:27:10.233+03:00  INFO 34357 --- [demo] [restartedMain] o.s.o.j.p.SpringPersistenceUnitInfo      : No LoadTimeWeaver setup: ignoring JPA class transformer
2024-12-06T22:27:10.248+03:00  INFO 34357 --- [demo] [restartedMain] com.zaxxer.hikari.HikariDataSource       : HikariPool-1 - Starting...
2024-12-06T22:27:10.415+03:00  INFO 34357 --- [demo] [restartedMain] com.zaxxer.hikari.pool.HikariPool        : HikariPool-1 - Added connection com.mysql.cj.jdbc.ConnectionImpl@5566a3d2
2024-12-06T22:27:10.416+03:00  INFO 34357 --- [demo] [restartedMain] com.zaxxer.hikari.HikariDataSource       : HikariPool-1 - Start completed.
2024-12-06T22:27:10.461+03:00  INFO 34357 --- [demo] [restartedMain] org.hibernate.orm.connections.pooling    : HHH10001005: Database info:
	Database JDBC URL [Connecting through datasource 'HikariDataSource (HikariPool-1)']
	Database driver: undefined/unknown
	Database version: 8.0.40
	Autocommit mode: undefined/unknown
	Isolation level: undefined/unknown
	Minimum pool size: undefined/unknown
	Maximum pool size: undefined/unknown
2024-12-06T22:27:10.868+03:00  INFO 34357 --- [demo] [restartedMain] o.h.e.t.j.p.i.JtaPlatformInitiator       : HHH000489: No JTA platform available (set 'hibernate.transaction.jta.platform' to enable JTA platform integration)
2024-12-06T22:27:10.892+03:00  INFO 34357 --- [demo] [restartedMain] j.LocalContainerEntityManagerFactoryBean : Initialized JPA EntityManagerFactory for persistence unit 'default'
2024-12-06T22:27:11.074+03:00  INFO 34357 --- [demo] [restartedMain] r$InitializeUserDetailsManagerConfigurer : Global AuthenticationManager configured with UserDetailsService bean with name customUserDetailsService
2024-12-06T22:27:11.091+03:00  WARN 34357 --- [demo] [restartedMain] JpaBaseConfiguration$JpaWebConfiguration : spring.jpa.open-in-view is enabled by default. Therefore, database queries may be performed during view rendering. Explicitly configure spring.jpa.open-in-view to disable this warning
2024-12-06T22:27:11.143+03:00  INFO 34357 --- [demo] [restartedMain] o.s.b.a.w.s.WelcomePageHandlerMapping    : Adding welcome page: class path resource [static/index.html]
2024-12-06T22:27:11.247+03:00 DEBUG 34357 --- [demo] [restartedMain] o.s.s.web.DefaultSecurityFilterChain     : Will secure any request with filters: DisableEncodeUrlFilter, WebAsyncManagerIntegrationFilter, SecurityContextHolderFilter, HeaderWriterFilter, LogoutFilter, UsernamePasswordAuthenticationFilter, RequestCacheAwareFilter, SecurityContextHolderAwareRequestFilter, AnonymousAuthenticationFilter, ExceptionTranslationFilter, AuthorizationFilter
2024-12-06T22:27:11.361+03:00  INFO 34357 --- [demo] [restartedMain] o.s.b.d.a.OptionalLiveReloadServer       : LiveReload server is running on port 35729
2024-12-06T22:27:11.378+03:00  INFO 34357 --- [demo] [restartedMain] o.s.b.w.embedded.tomcat.TomcatWebServer  : Tomcat started on port 8080 (http) with context path '/'
2024-12-06T22:27:11.384+03:00  INFO 34357 --- [demo] [restartedMain] com.example.demo.DemoApplication         : Started DemoApplication in 2.474 seconds (process running for 2.69)
2024-12-06T22:27:19.510+03:00  INFO 34357 --- [demo] [http-nio-8080-exec-1] o.a.c.c.C.[Tomcat].[localhost].[/]       : Initializing Spring DispatcherServlet 'dispatcherServlet'
2024-12-06T22:27:19.510+03:00  INFO 34357 --- [demo] [http-nio-8080-exec-1] o.s.web.servlet.DispatcherServlet        : Initializing Servlet 'dispatcherServlet'
2024-12-06T22:27:19.511+03:00  INFO 34357 --- [demo] [http-nio-8080-exec-1] o.s.web.servlet.DispatcherServlet        : Completed initialization in 1 ms
2024-12-06T22:27:19.520+03:00 DEBUG 34357 --- [demo] [http-nio-8080-exec-1] o.s.security.web.FilterChainProxy        : Securing GET /
2024-12-06T22:27:19.524+03:00 DEBUG 34357 --- [demo] [http-nio-8080-exec-1] o.s.security.web.FilterChainProxy        : Secured GET /
2024-12-06T22:27:19.543+03:00 DEBUG 34357 --- [demo] [http-nio-8080-exec-1] o.s.s.w.a.AnonymousAuthenticationFilter  : Set SecurityContextHolder to anonymous SecurityContext
2024-12-06T22:27:19.554+03:00 DEBUG 34357 --- [demo] [http-nio-8080-exec-2] o.s.security.web.FilterChainProxy        : Securing GET /index.html
2024-12-06T22:27:19.555+03:00 DEBUG 34357 --- [demo] [http-nio-8080-exec-2] o.s.s.w.a.AnonymousAuthenticationFilter  : Set SecurityContextHolder to anonymous SecurityContext
2024-12-06T22:27:19.557+03:00 DEBUG 34357 --- [demo] [http-nio-8080-exec-2] o.s.s.w.s.HttpSessionRequestCache        : Saved request http://localhost:8080/index.html?continue to session
2024-12-06T22:27:19.558+03:00 DEBUG 34357 --- [demo] [http-nio-8080-exec-2] o.s.s.web.DefaultRedirectStrategy        : Redirecting to http://localhost:8080/login
2024-12-06T22:27:19.565+03:00 DEBUG 34357 --- [demo] [http-nio-8080-exec-3] o.s.security.web.FilterChainProxy        : Securing GET /login
2024-12-06T22:27:19.566+03:00 DEBUG 34357 --- [demo] [http-nio-8080-exec-3] o.s.security.web.FilterChainProxy        : Secured GET /login
2024-12-06T22:27:19.679+03:00 DEBUG 34357 --- [demo] [http-nio-8080-exec-3] o.s.s.w.a.AnonymousAuthenticationFilter  : Set SecurityContextHolder to anonymous SecurityContext
2024-12-06T22:27:19.807+03:00 DEBUG 34357 --- [demo] [http-nio-8080-exec-4] o.s.security.web.FilterChainProxy        : Securing GET /favicon.ico
2024-12-06T22:27:19.807+03:00 DEBUG 34357 --- [demo] [http-nio-8080-exec-4] o.s.s.w.a.AnonymousAuthenticationFilter  : Set SecurityContextHolder to anonymous SecurityContext
2024-12-06T22:27:19.808+03:00 DEBUG 34357 --- [demo] [http-nio-8080-exec-4] o.s.s.web.DefaultRedirectStrategy        : Redirecting to http://localhost:8080/login
2024-12-06T22:30:01.843+03:00  INFO 34357 --- [demo] [SpringApplicationShutdownHook] o.s.b.w.e.tomcat.GracefulShutdown        : Commencing graceful shutdown. Waiting for active requests to complete
2024-12-06T22:30:01.844+03:00  INFO 34357 --- [demo] [tomcat-shutdown] o.s.b.w.e.tomcat.GracefulShutdown        : Graceful shutdown complete
2024-12-06T22:30:01.847+03:00  INFO 34357 --- [demo] [SpringApplicationShutdownHook] j.LocalContainerEntityManagerFactoryBean : Closing JPA EntityManagerFactory for persistence unit 'default'
2024-12-06T22:30:01.850+03:00  INFO 34357 --- [demo] [SpringApplicationShutdownHook] com.zaxxer.hikari.HikariDataSource       : HikariPool-1 - Shutdown initiated...
2024-12-06T22:30:01.854+03:00  INFO 34357 --- [demo] [SpringApplicationShutdownHook] com.zaxxer.hikari.HikariDataSource       : HikariPool-1 - Shutdown completed.
